[2025-02-17 17:02:09] === Job Information ===
[2025-02-17 17:02:09] Job ID: 60103109
[2025-02-17 17:02:09] Node: compute-h-17-51
[2025-02-17 17:02:09] Number of cores: 20
[2025-02-17 17:02:09] Working directory: /n/groups/immdiv-bioinfo/eren/mimetic_cells_URD_analyses
[2025-02-17 17:02:09] === System Information ===
[2025-02-17 17:02:09] CPU Info:
Intel(R) Xeon(R) CPU E5-2683 v4 @ 2.10GHz
[2025-02-17 17:02:09] Total Memory:
755G
[2025-02-17 17:02:09] Operating System:
Linux compute-h-17-51.o2.rc.hms.harvard.edu 3.10.0-1160.119.1.el7.tuxcare.els13.x86_64 #1 SMP Fri Nov 22 06:29:45 UTC 2024 x86_64 x86_64 x86_64 GNU/Linux
[2025-02-17 17:02:09] === Loading Modules ===
[2025-02-17 17:02:11] Loaded gcc/9.2.0 and R/4.4.0
[2025-02-17 17:02:11] === Checking Input Files ===
[2025-02-17 17:02:11] Input URD object found
[2025-02-17 17:02:11] === Initial Resource Usage ===
Memory Usage: 149G/755G (19.74%)
[2025-02-17 17:02:11] CPU Usage:
6.7%
[2025-02-17 17:02:12] === Starting Analysis ===
[2025-02-17 17:02:12] Running dimensionality reduction...
[1] "2025-02-17 17:02:53.699884: Centering and scaling data."
[1] "2025-02-17 17:03:55.290972: Removing genes with no variation."
[1] "2025-02-17 17:04:05.443456: Calculating PCA."
[1] "2025-02-17 17:06:05.499294: Estimating significant PCs."
[1] "Marchenko-Pastur eigenvalue null upper bound: 2.16233164573718"
[1] "53 PCs have eigenvalues larger than 2 times null upper bound."
[1] "Storing 106 PCs."
[1] "2025-02-17 17:06:06.276238: Centering and scaling data."
[1] "2025-02-17 17:07:11.114502: Removing genes with no variation."
[1] "2025-02-17 17:07:23.636096: Calculating PCA."
[1] "2025-02-17 17:09:35.792614: Estimating significant PCs."
[1] "Marchenko-Pastur eigenvalue null upper bound: 2.16233164573718"
[1] "37 PCs have eigenvalues larger than 3 times null upper bound."
[1] "Storing 74 PCs."
[1] "2025-02-17 17:09:35.992939: Centering and scaling data."
[1] "2025-02-17 17:10:40.035826: Removing genes with no variation."
[1] "2025-02-17 17:10:52.812954: Calculating PCA."
[1] "2025-02-17 17:12:55.539247: Estimating significant PCs."
[1] "Marchenko-Pastur eigenvalue null upper bound: 2.16233164573718"
[1] "28 PCs have eigenvalues larger than 4 times null upper bound."
[1] "Storing 56 PCs."
[1] "2025-02-17 17:12:55.671962: Centering and scaling data."
[1] "2025-02-17 17:13:57.313178: Removing genes with no variation."
[1] "2025-02-17 17:14:10.376196: Calculating PCA."
[1] "2025-02-17 17:16:14.714439: Estimating significant PCs."
[1] "Marchenko-Pastur eigenvalue null upper bound: 2.16233164573718"
[1] "53 PCs have eigenvalues larger than 2 times null upper bound."
[1] "Storing 106 PCs."
            used   (Mb) gc trigger   (Mb)   max used    (Mb)
Ncells   8741359  466.9   15659062  836.3   11718181   625.9
Vcells 337293205 2573.4 1079311524 8234.5 1686424049 12866.4
            used   (Mb) gc trigger   (Mb)   max used    (Mb)
Ncells   8761084  467.9   22872192 1221.6   22872192  1221.6
Vcells 341172189 2603.0 1079311524 8234.5 1686424049 12866.4
[2025-02-17 19:32:42] === Final Resource Usage ===
Memory Usage: 39G/755G (5.17%)
[2025-02-17 19:32:42] CPU Usage:
13.2%
[2025-02-17 19:32:43] === Analysis Summary ===
[2025-02-17 19:32:43] Total Runtime: 2h 30m 34s
[2025-02-17 19:32:43] Exit Status: 0
[2025-02-17 19:32:43] Output files saved in results/dimensionality_reduction/
[2025-02-17 19:32:43] === Output File Verification ===
[2025-02-17 19:32:43] ✓ data/urd_object_with_dimred.rds successfully created (559.85 MB)
[2025-02-17 19:32:43] ✓ data/urd_object_clean.rds successfully created (551.89 MB)
[2025-02-17 19:32:43] ✓ Parameters file created
[2025-02-17 19:32:43] ✓ pca plots created
[2025-02-17 19:32:43] ✗ tsne plots not found or directory empty
[2025-02-17 19:32:43] ✓ outliers plots created
[2025-02-17 19:32:43] Analysis completed successfully
