Starting dimensionality reduction analysis...

Dataset characteristics:
Number of cells: 29310
Number of genes: 28527
Number of stages: 17
Number of variable genes: 6488

1. PCA Analysis
Warning messages:
1: In asMethod(object) :
  sparse->dense coercion: allocating vector of size 1.4 GiB
2: In asMethod(object) :
  sparse->dense coercion: allocating vector of size 1.4 GiB
3: In asMethod(object) :
  sparse->dense coercion: allocating vector of size 1.4 GiB
4: In asMethod(object) :
  sparse->dense coercion: allocating vector of size 1.4 GiB
5: In asMethod(object) :
  sparse->dense coercion: allocating vector of size 1.4 GiB
6: In asMethod(object) :
  sparse->dense coercion: allocating vector of size 1.4 GiB
7: In asMethod(object) :
  sparse->dense coercion: allocating vector of size 1.4 GiB
8: In asMethod(object) :
  sparse->dense coercion: allocating vector of size 1.4 GiB
9: In asMethod(object) :
  sparse->dense coercion: allocating vector of size 1.4 GiB

PCA significant components with different mp.factor values:
mp.factor = 2: 106 significant PCs
mp.factor = 3: 74 significant PCs
mp.factor = 4: 56 significant PCs
Warning messages:
1: In asMethod(object) :
  sparse->dense coercion: allocating vector of size 1.4 GiB
2: In asMethod(object) :
  sparse->dense coercion: allocating vector of size 1.4 GiB
3: In asMethod(object) :
  sparse->dense coercion: allocating vector of size 1.4 GiB

2. tSNE Analysis
Testing perplexity values: 5, 25, 50

Processing tSNE with perplexity 5...
tSNE calculation successful for perplexity 5

Processing tSNE with perplexity 25...
tSNE calculation successful for perplexity 25

Processing tSNE with perplexity 50...
tSNE calculation successful for perplexity 50

tSNE Analysis Summary:
Successful perplexity values: 5, 25, 50

Using final tSNE results from perplexity 50

3. Graph-based Clustering

Dataset complexity metrics:
Number of stages: 17
Minimum cells per stage: 112
Complexity factor: 1.15

Nearest neighbor selection:
Base range (from sqrt rule): 86-172
Complexity adjustment factor: 0.84
Final adjusted range: 72-144
Testing nearest neighbor values: 72, 108, 144

Calculating clustering with 72 nearest neighbors...
Successfully calculated clusters for nn=72

Calculating clustering with 108 nearest neighbors...
Successfully calculated clusters for nn=108

Calculating clustering with 144 nearest neighbors...
Successfully calculated clusters for nn=144

4. kNN and Outlier Detection
Warning messages:
1: In .M2v(x) : sparse->dense coercion: allocating vector of size 1.4 GiB
2: In .M2v(x) : sparse->dense coercion: allocating vector of size 1.4 GiB

Distance distribution statistics:
Min distance: 31.24
Median distance: 59.41
95th percentile (x.max): 76.38
Max distance: 90.56

Chosen parameters for kNN:
nn_value: 100 (based on dataset size)
nn.2: 33 (1/3 of nn_value)
x.max: 76.38 (95th percentile of distances)

Data-driven bound statistics:
Base fit: y = 0.991x + 3.413
Residual SD: 1.330
R-squared: 0.978

Parameter Set 1 (Base parameters (2.5 SD from regression)):
Slope (red): 0.991, Intercept (red): 6.737
Slope (blue): 0.991, Intercept (blue): 0.088
Outliers: 29310 (100.00%)

Parameter Set 2 (Stringent bounds (bounds tightened by 5%)):
Slope (red): 0.941, Intercept (red): 6.400
Slope (blue): 1.040, Intercept (blue): 0.092
Outliers: 14539 (49.60%)

Parameter Set 3 (Lenient bounds (bounds relaxed by 5%)):
Slope (red): 1.040, Intercept (red): 7.074
Slope (blue): 0.941, Intercept (blue): 0.084
Outliers: 29310 (100.00%)

No parameter set gave 1-10% outliers. Using most lenient set (Lenient bounds (bounds relaxed by 5%)).

Identified 29310 outliers (100.0%) using Lenient bounds (bounds relaxed by 5%)

Dimensionality reduction analysis complete!
Results saved to:
- URD object with dimensionality reduction: data/urd_object_with_dimred.rds
- Clean URD object: data/urd_object_clean.rds
- Parameter summary: results/dimensionality_reduction/parameters.csv
- Plots: results/plots/dimensionality_reduction/

real	144m5.358s
user	257m59.884s
sys	25m13.386s
