[2025-02-16 23:10:20] === Job Information ===
[2025-02-16 23:10:20] Job ID: 60071174
[2025-02-16 23:10:20] Node: compute-h-17-53
[2025-02-16 23:10:20] Number of cores: 20
[2025-02-16 23:10:20] Working directory: /n/groups/immdiv-bioinfo/eren/mimetic_cells_URD_analyses
[2025-02-16 23:10:20] === System Information ===
[2025-02-16 23:10:20] CPU Info:
Intel(R) Xeon(R) CPU E5-2683 v4 @ 2.10GHz
[2025-02-16 23:10:20] Total Memory:
692G
[2025-02-16 23:10:20] Operating System:
Linux compute-h-17-53.o2.rc.hms.harvard.edu 3.10.0-1160.119.1.el7.tuxcare.els13.x86_64 #1 SMP Fri Nov 22 06:29:45 UTC 2024 x86_64 x86_64 x86_64 GNU/Linux
[2025-02-16 23:10:20] === Loading Modules ===
[2025-02-16 23:10:38] Loaded gcc/9.2.0 and R/4.4.0
[2025-02-16 23:10:38] === Checking Input Files ===
[2025-02-16 23:10:38] Input URD object found
[2025-02-16 23:10:38] === Initial Resource Usage ===
Memory Usage: 47G/692G (6.79%)
[2025-02-16 23:10:38] CPU Usage:
38.2%
[2025-02-16 23:10:38] === Starting Analysis ===
[2025-02-16 23:10:38] Running dimensionality reduction...
[1] "2025-02-16 23:11:14.080321: Centering and scaling data."
[1] "2025-02-16 23:12:11.599936: Removing genes with no variation."
[1] "2025-02-16 23:12:21.367344: Calculating PCA."
[1] "2025-02-16 23:14:18.796524: Estimating significant PCs."
[1] "Marchenko-Pastur eigenvalue null upper bound: 2.16233164573718"
[1] "53 PCs have eigenvalues larger than 2 times null upper bound."
[1] "Storing 106 PCs."
[1] "2025-02-16 23:14:19.173716: Centering and scaling data."
[1] "2025-02-16 23:15:15.390371: Removing genes with no variation."
[1] "2025-02-16 23:15:27.304708: Calculating PCA."
[1] "2025-02-16 23:17:35.754861: Estimating significant PCs."
[1] "Marchenko-Pastur eigenvalue null upper bound: 2.16233164573718"
[1] "37 PCs have eigenvalues larger than 3 times null upper bound."
[1] "Storing 74 PCs."
[1] "2025-02-16 23:17:35.901332: Centering and scaling data."
[1] "2025-02-16 23:18:28.844464: Removing genes with no variation."
[1] "2025-02-16 23:18:39.967514: Calculating PCA."
[1] "2025-02-16 23:20:44.701854: Estimating significant PCs."
[1] "Marchenko-Pastur eigenvalue null upper bound: 2.16233164573718"
[1] "28 PCs have eigenvalues larger than 4 times null upper bound."
[1] "Storing 56 PCs."
[1] "2025-02-16 23:20:44.879557: Centering and scaling data."
[1] "2025-02-16 23:21:37.969163: Removing genes with no variation."
[1] "2025-02-16 23:21:48.870138: Calculating PCA."
[1] "2025-02-16 23:24:03.717387: Estimating significant PCs."
[1] "Marchenko-Pastur eigenvalue null upper bound: 2.16233164573718"
[1] "53 PCs have eigenvalues larger than 2 times null upper bound."
[1] "Storing 106 PCs."
            used   (Mb) gc trigger   (Mb)   max used    (Mb)
Ncells   8740925  466.9   15659062  836.3   11718181   625.9
Vcells 337292227 2573.4 1079310404 8234.5 1686420726 12866.4
            used   (Mb) gc trigger   (Mb)   max used    (Mb)
Ncells   8761012  467.9   32645134 1743.5   40806417  2179.3
Vcells 348364582 2657.9 1079310404 8234.5 1686420726 12866.4
[2025-02-17 01:34:43] === Final Resource Usage ===
Memory Usage: 8.7G/692G (1.26%)
[2025-02-17 01:34:43] CPU Usage:
1.7%
[2025-02-17 01:34:43] === Analysis Summary ===
[2025-02-17 01:34:43] Total Runtime: 2h 24m 23s
[2025-02-17 01:34:43] Exit Status: 0
[2025-02-17 01:34:43] Output files saved in results/dimensionality_reduction/
[2025-02-17 01:34:43] === Output File Verification ===
[2025-02-17 01:34:44] ✓ data/urd_object_with_dimred.rds successfully created (559.84 MB)
[2025-02-17 01:34:44] ✓ data/urd_object_clean.rds successfully created (47.69 MB)
[2025-02-17 01:34:44] ✓ Parameters file created
[2025-02-17 01:34:44] ✓ pca plots created
[2025-02-17 01:34:44] ✗ tsne plots not found or directory empty
[2025-02-17 01:34:44] ✓ outliers plots created
[2025-02-17 01:34:44] Analysis completed successfully
